                             Memory Type Usage Summary                              
+----------------------------------------------------------------------------------+
| Memory Type/Section   | Used [bytes] | Used [%] | Remain [bytes] | Total [bytes] |
|-----------------------+--------------+----------+----------------+---------------|
| Flash Code            |        89818 |          |                |               |
|    .text              |        89818 |          |                |               |
| IRAM                  |        52646 |    40.17 |          78426 |        131072 |
|    .text              |        51619 |    39.38 |                |               |
|    .vectors           |         1027 |     0.78 |                |               |
| Flash Data            |        41492 |          |                |               |
|    .rodata            |        41236 |          |                |               |
|    .appdesc           |          256 |          |                |               |
| DRAM                  |        11324 |     6.27 |         169412 |        180736 |
|    .data              |         9076 |     5.02 |                |               |
|    .bss               |         2248 |     1.24 |                |               |
| RTC SLOW              |           24 |     0.29 |           8168 |          8192 |
|    .rtc_slow_reserved |           24 |     0.29 |                |               |
+----------------------------------------------------------------------------------+
C:\Espressif\python_env\idf5.3_py3.11_env\Scripts\python.exe C:/Espressif/frameworks/esp-idf-v5.3.1/\components\partition_table\gen_esp32part.py C:\CANreception\workspace\CANRECEPTION\build\partition_table\partition-table.bin
Total time taken to build the project: 2,473 ms