                             Memory Type Usage Summary                              
+----------------------------------------------------------------------------------+
| Memory Type/Section   | Used [bytes] | Used [%] | Remain [bytes] | Total [bytes] |
|-----------------------+--------------+----------+----------------+---------------|
| Flash Code            |        90890 |          |                |               |
|    .text              |        90890 |          |                |               |
| IRAM                  |        52702 |    40.21 |          78370 |        131072 |
|    .text              |        51675 |    39.42 |                |               |
|    .vectors           |         1027 |     0.78 |                |               |
| Flash Data            |        41564 |          |                |               |
|    .rodata            |        41308 |          |                |               |
|    .appdesc           |          256 |          |                |               |
| DRAM                  |        11324 |     6.27 |         169412 |        180736 |
|    .data              |         9076 |     5.02 |                |               |
|    .bss               |         2248 |     1.24 |                |               |
| RTC SLOW              |           24 |     0.29 |           8168 |          8192 |
|    .rtc_slow_reserved |           24 |     0.29 |                |               |
+----------------------------------------------------------------------------------+
C:\Espressif\python_env\idf5.3_py3.11_env\Scripts\python.exe C:/Espressif/frameworks/esp-idf-v5.3.1/\components\partition_table\gen_esp32part.py C:\CANtransmission\workspace\CANTRANSMMISION\build\partition_table\partition-table.bin
Total time taken to build the project: 3,473 ms